Build started 4/12/2015 10:41:02 p.m..
     1>Project "C:\master_in_progress\viennacl-java-binding\viennacl-java-binding\viennacl-java-binding.vcxproj" on node 2 (Build target(s)).
     1>ClCompile:
         H:\VS1025\VC\bin\x86_amd64\CL.exe /c /IC:\master_in_progress\boost\boost_1_58_0 /I"C:\master_in_progress\java\viennacl-binding" /I"C:\Program Files\Java\jdk1.8.0_45\include\win32" /I"C:\Program Files\Java\jdk1.8.0_45\include" /I"C:\Program Files (x86)\AMD APP SDK\3.0-0-Beta\include" /I"C:\master_in_progress\viennacl-dev" /I"C:\master_in_progress\clogs-code\include" /Zi /nologo /W3 /WX- /O2 /Oi /GL /D NDEBUG /D _WINDOWS /D _USRDLL /D VIENNACLJAVABINDING_EXPORTS /D VIENNACL_WITH_OPENCL /D VIENNACL_WITH_OPENCL20 /D CL_USE_DEPRECATED_OPENCL_2_0_APIS /D _WINDLL /D _UNICODE /D UNICODE /Gm- /EHsc /MD /GS /Gy /fp:precise /Zc:wchar_t /Zc:forScope /Zc:inline /Fo"x64\Release\\" /Fd"x64\Release\vc140.pdb" /Gd /TP /errorReport:prompt buffer.cpp
         buffer.cpp
     1>c:\master_in_progress\viennacl-dev\viennacl\ocl\context.hpp(71): warning C4996: 'getenv': This function or variable may be unsafe. Consider using _dupenv_s instead. To disable deprecation, use _CRT_SECURE_NO_WARNINGS. See online help for details.
         C:\Program Files (x86)\Windows Kits\10\Include\10.0.10150.0\ucrt\stdlib.h(1183): note: see declaration of 'getenv'
     1>c:\master_in_progress\viennacl-dev\viennacl\ocl\context.hpp(72): warning C4996: 'getenv': This function or variable may be unsafe. Consider using _dupenv_s instead. To disable deprecation, use _CRT_SECURE_NO_WARNINGS. See online help for details.
         C:\Program Files (x86)\Windows Kits\10\Include\10.0.10150.0\ucrt\stdlib.h(1183): note: see declaration of 'getenv'
       Link:
         H:\VS1025\VC\bin\x86_amd64\link.exe /ERRORREPORT:PROMPT /OUT:"C:\master_in_progress\viennacl-java-binding\x64\Release\viennacl-java-binding.dll" /INCREMENTAL:NO /NOLOGO /LIBPATH:C:\master_in_progress\windows_build\x64\Debug /LIBPATH:"C:\Program Files (x86)\AMD APP SDK\3.0-0-Beta\lib\x86_64" /LIBPATH:"C:\Program Files\Java\jdk1.8.0_45\lib" OpenCL.lib clogs.lib kernel32.lib user32.lib gdi32.lib winspool.lib comdlg32.lib advapi32.lib shell32.lib ole32.lib oleaut32.lib uuid.lib odbc32.lib odbccp32.lib /MANIFEST /MANIFESTUAC:"level='asInvoker' uiAccess='false'" /manifest:embed /Debug /PDB:"C:\master_in_progress\viennacl-java-binding\x64\Release\viennacl-java-binding.pdb" /SUBSYSTEM:WINDOWS /OPT:REF /OPT:ICF /LTCG:incremental /TLBID:1 /DYNAMICBASE /NXCOMPAT /IMPLIB:"C:\master_in_progress\viennacl-java-binding\x64\Release\viennacl-java-binding.lib" /MACHINE:X64 /DLL x64\Release\buffer.obj
         x64\Release\dllmain.obj
         x64\Release\kernel.obj
         x64\Release\stdafx.obj
         "x64\Release\viennacl-java-binding.obj"
            Creating library C:\master_in_progress\viennacl-java-binding\x64\Release\viennacl-java-binding.lib and object C:\master_in_progress\viennacl-java-binding\x64\Release\viennacl-java-binding.exp
         Generating code
         5 of 3277 functions ( 0.2%) were compiled, the rest were copied from previous compilation.
           1 functions were new in current compilation
           15 functions had inline decision re-evaluated but remain unchanged
         Finished generating code
         viennacl-java-binding.vcxproj -> C:\master_in_progress\viennacl-java-binding\x64\Release\viennacl-java-binding.dll
       PostBuildEvent:
         copy C:\master_in_progress\viennacl-java-binding\x64\Release\viennacl-java-binding.dll C:\master_in_progress\java\viennacl-binding\ 
         :VCEnd
                 1 file(s) copied.
     1>Done Building Project "C:\master_in_progress\viennacl-java-binding\viennacl-java-binding\viennacl-java-binding.vcxproj" (Build target(s)).

Build succeeded.

Time Elapsed 00:00:07.61
