c:\master_in_progress\viennacl-java-binding\viennacl-java-binding\x64\release\vc140.pdb
c:\master_in_progress\viennacl-java-binding\viennacl-java-binding\x64\release\viennacl-java-binding.obj
c:\master_in_progress\viennacl-java-binding\viennacl-java-binding\x64\release\utils.obj
c:\master_in_progress\viennacl-java-binding\viennacl-java-binding\x64\release\stdafx.obj
c:\master_in_progress\viennacl-java-binding\viennacl-java-binding\x64\release\operations.obj
c:\master_in_progress\viennacl-java-binding\viennacl-java-binding\x64\release\morton.obj
c:\master_in_progress\viennacl-java-binding\viennacl-java-binding\x64\release\merge_sort_util.obj
c:\master_in_progress\viennacl-java-binding\viennacl-java-binding\x64\release\kernel.obj
c:\master_in_progress\viennacl-java-binding\viennacl-java-binding\x64\release\fjlt_impl.obj
c:\master_in_progress\viennacl-java-binding\viennacl-java-binding\x64\release\buffer.obj
c:\master_in_progress\viennacl-java-binding\viennacl-java-binding\x64\release\dllmain.obj
c:\master_in_progress\viennacl-java-binding\x64\release\viennacl-java-binding.dll
c:\master_in_progress\viennacl-java-binding\x64\release\viennacl-java-binding.ipdb
c:\master_in_progress\viennacl-java-binding\x64\release\viennacl-java-binding.iobj
c:\master_in_progress\viennacl-java-binding\x64\release\viennacl-java-binding.pdb
c:\master_in_progress\viennacl-java-binding\x64\release\viennacl-java-binding.lib
c:\master_in_progress\viennacl-java-binding\x64\release\viennacl-java-binding.exp
c:\master_in_progress\viennacl-java-binding\viennacl-java-binding\x64\release\viennacl.315a28d4.tlog\cl.command.1.tlog
c:\master_in_progress\viennacl-java-binding\viennacl-java-binding\x64\release\viennacl.315a28d4.tlog\cl.read.1.tlog
c:\master_in_progress\viennacl-java-binding\viennacl-java-binding\x64\release\viennacl.315a28d4.tlog\cl.write.1.tlog
c:\master_in_progress\viennacl-java-binding\viennacl-java-binding\x64\release\viennacl.315a28d4.tlog\link.command.1.tlog
c:\master_in_progress\viennacl-java-binding\viennacl-java-binding\x64\release\viennacl.315a28d4.tlog\link.read.1.tlog
c:\master_in_progress\viennacl-java-binding\viennacl-java-binding\x64\release\viennacl.315a28d4.tlog\link.write.1.tlog
c:\master_in_progress\viennacl-java-binding\viennacl-java-binding\x64\release\viennacl.315a28d4.tlog\viennacl-java-binding.write.1u.tlog
