Build started 4/12/2015 1:59:26 p.m..
     1>Project "C:\master_in_progress\viennacl-java-binding\viennacl-java-binding\viennacl-java-binding.vcxproj" on node 2 (Build target(s)).
     1>ClCompile:
         H:\VS1025\VC\bin\CL.exe /c /IC:\master_in_progress\boost\boost_1_58_0 /I"C:\master_in_progress\java\viennacl-binding" /I"C:\Program Files\Java\jdk1.8.0_45\include\win32" /I"C:\Program Files\Java\jdk1.8.0_45\include" /I"C:\Program Files (x86)\AMD APP SDK\3.0-0-Beta\include" /I"C:\master_in_progress\viennacl-dev" /I"C:\master_in_progress\clogs-code\include" /ZI /nologo /W3 /WX- /Od /Oy- /D WIN32 /D _DEBUG /D _WINDOWS /D _USRDLL /D VIENNACLJAVABINDING_EXPORTS /D VIENNACL_WITH_OPENCL /D VIENNACL_WITH_OPENCL20 /D CL_USE_DEPRECATED_OPENCL_2_0_APIS /D _WINDLL /D _UNICODE /D UNICODE /Gm /EHsc /RTC1 /MDd /GS /fp:precise /Zc:wchar_t /Zc:forScope /Zc:inline /Fo"Debug\\" /Fd"Debug\vc140.pdb" /Gd /TP /analyze- /errorReport:prompt "viennacl-java-binding.cpp"
         viennacl-java-binding.cpp
     1>c:\master_in_progress\viennacl-dev\viennacl\ocl\context.hpp(71): warning C4996: 'getenv': This function or variable may be unsafe. Consider using _dupenv_s instead. To disable deprecation, use _CRT_SECURE_NO_WARNINGS. See online help for details.
         c:\program files (x86)\windows kits\10\include\10.0.10150.0\ucrt\stdlib.h(1183): note: see declaration of 'getenv'
     1>c:\master_in_progress\viennacl-dev\viennacl\ocl\context.hpp(72): warning C4996: 'getenv': This function or variable may be unsafe. Consider using _dupenv_s instead. To disable deprecation, use _CRT_SECURE_NO_WARNINGS. See online help for details.
         c:\program files (x86)\windows kits\10\include\10.0.10150.0\ucrt\stdlib.h(1183): note: see declaration of 'getenv'
     1>c:\master_in_progress\viennacl-java-binding\viennacl-java-binding\viennacl-java-binding.cpp(57): warning C4297: 'Java_org_viennacl_binding_Context_init': function assumed not to throw an exception but does
         c:\master_in_progress\viennacl-java-binding\viennacl-java-binding\viennacl-java-binding.cpp(57): note: __declspec(nothrow), throw(), noexcept(true), or noexcept was specified on the function
     1>c:\master_in_progress\viennacl-java-binding\viennacl-java-binding\viennacl-java-binding.cpp(99): warning C4297: 'Java_org_viennacl_binding_Context_addProgram': function assumed not to throw an exception but does
         c:\master_in_progress\viennacl-java-binding\viennacl-java-binding\viennacl-java-binding.cpp(99): note: __declspec(nothrow), throw(), noexcept(true), or noexcept was specified on the function
     1>c:\master_in_progress\viennacl-java-binding\viennacl-java-binding\viennacl-java-binding.cpp(131): warning C4297: 'Java_org_viennacl_binding_Context_getKernel': function assumed not to throw an exception but does
         c:\master_in_progress\viennacl-java-binding\viennacl-java-binding\viennacl-java-binding.cpp(131): note: __declspec(nothrow), throw(), noexcept(true), or noexcept was specified on the function
       Link:
         H:\VS1025\VC\bin\link.exe /ERRORREPORT:PROMPT /OUT:"C:\master_in_progress\viennacl-java-binding\Debug\viennacl-java-binding.dll" /INCREMENTAL /NOLOGO /LIBPATH:C:\master_in_progress\windows_build\x64\Debug /LIBPATH:"C:\Program Files (x86)\AMD APP SDK\3.0-0-Beta\lib\x86_64" /LIBPATH:"C:\Program Files\Java\jdk1.8.0_45\lib" OpenCL.lib clogs.lib kernel32.lib user32.lib gdi32.lib winspool.lib comdlg32.lib advapi32.lib shell32.lib ole32.lib oleaut32.lib uuid.lib odbc32.lib odbccp32.lib /MANIFEST /MANIFESTUAC:"level='asInvoker' uiAccess='false'" /manifest:embed /Debug /PDB:"C:\master_in_progress\viennacl-java-binding\Debug\viennacl-java-binding.pdb" /SUBSYSTEM:WINDOWS /TLBID:1 /DYNAMICBASE /NXCOMPAT /IMPLIB:"C:\master_in_progress\viennacl-java-binding\Debug\viennacl-java-binding.lib" /MACHINE:X86 /DLL Debug\dllmain.obj
         Debug\stdafx.obj
         "Debug\viennacl-java-binding.obj"
            Creating library C:\master_in_progress\viennacl-java-binding\Debug\viennacl-java-binding.lib and object C:\master_in_progress\viennacl-java-binding\Debug\viennacl-java-binding.exp
     1>viennacl-java-binding.obj : error LNK2019: unresolved external symbol _clGetPlatformIDs@12 referenced in function "public: __thiscall viennacl::ocl::platform::platform(unsigned int)" (??0platform@ocl@viennacl@@QAE@I@Z)
     1>viennacl-java-binding.obj : error LNK2019: unresolved external symbol _clGetDeviceIDs@24 referenced in function "public: class std::vector<class viennacl::ocl::device,class std::allocator<class viennacl::ocl::device> > __thiscall viennacl::ocl::platform::devices(unsigned __int64)" (?devices@platform@ocl@viennacl@@QAE?AV?$vector@Vdevice@ocl@viennacl@@V?$allocator@Vdevice@ocl@viennacl@@@std@@@std@@_K@Z)
     1>viennacl-java-binding.obj : error LNK2019: unresolved external symbol _clGetDeviceInfo@20 referenced in function "public: virtual class std::basic_string<char,struct std::char_traits<char>,class std::allocator<char> > const __thiscall viennacl::ocl::device::driver_version(void)const " (?driver_version@device@ocl@viennacl@@UBE?BV?$basic_string@DU?$char_traits@D@std@@V?$allocator@D@2@@std@@XZ)
     1>viennacl-java-binding.obj : error LNK2019: unresolved external symbol _clCreateContext@24 referenced in function "private: void __thiscall viennacl::ocl::context::init_new(void)" (?init_new@context@ocl@viennacl@@AAEXXZ)
     1>viennacl-java-binding.obj : error LNK2019: unresolved external symbol _clReleaseContext@4 referenced in function "public: static void __cdecl viennacl::ocl::handle_inc_dec_helper<struct _cl_context *>::dec(struct _cl_context * &)" (?dec@?$handle_inc_dec_helper@PAU_cl_context@@@ocl@viennacl@@SAXAAPAU_cl_context@@@Z)
     1>viennacl-java-binding.obj : error LNK2019: unresolved external symbol _clRetainCommandQueue@4 referenced in function "public: static void __cdecl viennacl::ocl::handle_inc_dec_helper<struct _cl_command_queue *>::inc(struct _cl_command_queue * &)" (?inc@?$handle_inc_dec_helper@PAU_cl_command_queue@@@ocl@viennacl@@SAXAAPAU_cl_command_queue@@@Z)
     1>viennacl-java-binding.obj : error LNK2019: unresolved external symbol _clReleaseCommandQueue@4 referenced in function "public: static void __cdecl viennacl::ocl::handle_inc_dec_helper<struct _cl_command_queue *>::dec(struct _cl_command_queue * &)" (?dec@?$handle_inc_dec_helper@PAU_cl_command_queue@@@ocl@viennacl@@SAXAAPAU_cl_command_queue@@@Z)
     1>viennacl-java-binding.obj : error LNK2019: unresolved external symbol _clCreateBuffer@24 referenced in function "public: struct _cl_mem * __thiscall viennacl::ocl::context::create_memory_without_smart_handle(unsigned __int64,unsigned int,void *)const " (?create_memory_without_smart_handle@context@ocl@viennacl@@QBEPAU_cl_mem@@_KIPAX@Z)
     1>viennacl-java-binding.obj : error LNK2019: unresolved external symbol _clRetainMemObject@4 referenced in function "public: static void __cdecl viennacl::ocl::handle_inc_dec_helper<struct _cl_mem *>::inc(struct _cl_mem * &)" (?inc@?$handle_inc_dec_helper@PAU_cl_mem@@@ocl@viennacl@@SAXAAPAU_cl_mem@@@Z)
     1>viennacl-java-binding.obj : error LNK2019: unresolved external symbol _clReleaseMemObject@4 referenced in function "public: static void __cdecl viennacl::ocl::handle_inc_dec_helper<struct _cl_mem *>::dec(struct _cl_mem * &)" (?dec@?$handle_inc_dec_helper@PAU_cl_mem@@@ocl@viennacl@@SAXAAPAU_cl_mem@@@Z)
     1>viennacl-java-binding.obj : error LNK2019: unresolved external symbol _clCreateProgramWithSource@20 referenced in function "public: class viennacl::ocl::program & __thiscall viennacl::ocl::context::add_program(class std::basic_string<char,struct std::char_traits<char>,class std::allocator<char> > const &,class std::basic_string<char,struct std::char_traits<char>,class std::allocator<char> > const &)" (?add_program@context@ocl@viennacl@@QAEAAVprogram@23@ABV?$basic_string@DU?$char_traits@D@std@@V?$allocator@D@2@@std@@0@Z)
     1>viennacl-java-binding.obj : error LNK2019: unresolved external symbol _clCreateProgramWithBinary@28 referenced in function "public: class viennacl::ocl::program & __thiscall viennacl::ocl::context::add_program(class std::basic_string<char,struct std::char_traits<char>,class std::allocator<char> > const &,class std::basic_string<char,struct std::char_traits<char>,class std::allocator<char> > const &)" (?add_program@context@ocl@viennacl@@QAEAAVprogram@23@ABV?$basic_string@DU?$char_traits@D@std@@V?$allocator@D@2@@std@@0@Z)
     1>viennacl-java-binding.obj : error LNK2019: unresolved external symbol _clReleaseProgram@4 referenced in function "public: static void __cdecl viennacl::ocl::handle_inc_dec_helper<struct _cl_program *>::dec(struct _cl_program * &)" (?dec@?$handle_inc_dec_helper@PAU_cl_program@@@ocl@viennacl@@SAXAAPAU_cl_program@@@Z)
     1>viennacl-java-binding.obj : error LNK2019: unresolved external symbol _clBuildProgram@24 referenced in function "public: class viennacl::ocl::program & __thiscall viennacl::ocl::context::add_program(class std::basic_string<char,struct std::char_traits<char>,class std::allocator<char> > const &,class std::basic_string<char,struct std::char_traits<char>,class std::allocator<char> > const &)" (?add_program@context@ocl@viennacl@@QAEAAVprogram@23@ABV?$basic_string@DU?$char_traits@D@std@@V?$allocator@D@2@@std@@0@Z)
     1>viennacl-java-binding.obj : error LNK2019: unresolved external symbol _clGetProgramInfo@20 referenced in function "public: class viennacl::ocl::program & __thiscall viennacl::ocl::context::add_program(class std::basic_string<char,struct std::char_traits<char>,class std::allocator<char> > const &,class std::basic_string<char,struct std::char_traits<char>,class std::allocator<char> > const &)" (?add_program@context@ocl@viennacl@@QAEAAVprogram@23@ABV?$basic_string@DU?$char_traits@D@std@@V?$allocator@D@2@@std@@0@Z)
     1>viennacl-java-binding.obj : error LNK2019: unresolved external symbol _clGetProgramBuildInfo@24 referenced in function "public: class viennacl::ocl::program & __thiscall viennacl::ocl::context::add_program(class std::basic_string<char,struct std::char_traits<char>,class std::allocator<char> > const &,class std::basic_string<char,struct std::char_traits<char>,class std::allocator<char> > const &)" (?add_program@context@ocl@viennacl@@QAEAAVprogram@23@ABV?$basic_string@DU?$char_traits@D@std@@V?$allocator@D@2@@std@@0@Z)
     1>viennacl-java-binding.obj : error LNK2019: unresolved external symbol _clCreateKernelsInProgram@16 referenced in function "public: class viennacl::ocl::program & __thiscall viennacl::ocl::context::add_program(class std::basic_string<char,struct std::char_traits<char>,class std::allocator<char> > const &,class std::basic_string<char,struct std::char_traits<char>,class std::allocator<char> > const &)" (?add_program@context@ocl@viennacl@@QAEAAVprogram@23@ABV?$basic_string@DU?$char_traits@D@std@@V?$allocator@D@2@@std@@0@Z)
     1>viennacl-java-binding.obj : error LNK2019: unresolved external symbol _clReleaseKernel@4 referenced in function "public: static void __cdecl viennacl::ocl::handle_inc_dec_helper<struct _cl_kernel *>::dec(struct _cl_kernel * &)" (?dec@?$handle_inc_dec_helper@PAU_cl_kernel@@@ocl@viennacl@@SAXAAPAU_cl_kernel@@@Z)
     1>viennacl-java-binding.obj : error LNK2019: unresolved external symbol _clSetKernelArg@16 referenced in function "public: void __thiscall viennacl::ocl::kernel::arg(unsigned int,class viennacl::ocl::handle<struct _cl_mem *> const &)" (?arg@kernel@ocl@viennacl@@QAEXIABV?$handle@PAU_cl_mem@@@23@@Z)
     1>viennacl-java-binding.obj : error LNK2019: unresolved external symbol _clGetKernelInfo@20 referenced in function "public: class viennacl::ocl::program & __thiscall viennacl::ocl::context::add_program(class std::basic_string<char,struct std::char_traits<char>,class std::allocator<char> > const &,class std::basic_string<char,struct std::char_traits<char>,class std::allocator<char> > const &)" (?add_program@context@ocl@viennacl@@QAEAAVprogram@23@ABV?$basic_string@DU?$char_traits@D@std@@V?$allocator@D@2@@std@@0@Z)
     1>viennacl-java-binding.obj : error LNK2019: unresolved external symbol _clEnqueueNDRangeKernel@36 referenced in function "void __cdecl viennacl::ocl::enqueue<class viennacl::ocl::kernel>(class viennacl::ocl::kernel &,class viennacl::ocl::command_queue const &)" (??$enqueue@Vkernel@ocl@viennacl@@@ocl@viennacl@@YAXAAVkernel@01@ABVcommand_queue@01@@Z)
     1>viennacl-java-binding.obj : error LNK2019: unresolved external symbol _clCreateCommandQueue@20 referenced in function "public: void __thiscall viennacl::ocl::context::add_queue(struct _cl_device_id *)" (?add_queue@context@ocl@viennacl@@QAEXPAU_cl_device_id@@@Z)
     1>viennacl-java-binding.obj : error LNK2019: unresolved external symbol _clEnqueueTask@20 referenced in function "void __cdecl viennacl::ocl::enqueue<class viennacl::ocl::kernel>(class viennacl::ocl::kernel &,class viennacl::ocl::command_queue const &)" (??$enqueue@Vkernel@ocl@viennacl@@@ocl@viennacl@@YAXAAVkernel@01@ABVcommand_queue@01@@Z)
     1>C:\Program Files (x86)\AMD APP SDK\3.0-0-Beta\lib\x86_64\OpenCL.lib : warning LNK4272: library machine type 'x64' conflicts with target machine type 'X86'
     1>C:\master_in_progress\windows_build\x64\Debug\clogs.lib : warning LNK4272: library machine type 'x64' conflicts with target machine type 'X86'
     1>C:\master_in_progress\viennacl-java-binding\Debug\viennacl-java-binding.dll : fatal error LNK1120: 23 unresolved externals
     1>Done Building Project "C:\master_in_progress\viennacl-java-binding\viennacl-java-binding\viennacl-java-binding.vcxproj" (Build target(s)) -- FAILED.

Build FAILED.

Time Elapsed 00:00:02.64
