Build started 21/02/2016 10:46:50 p.m..
     1>Project "C:\master_in_progress\viennacl-java-binding\viennacl-java-binding\viennacl-java-binding.vcxproj" on node 2 (Rebuild target(s)).
     1>ClCompile:
         H:\VS1025\VC\bin\x86_amd64\CL.exe /c /IC:\master_in_progress\boost\boost_1_58_0 /I"C:\master_in_progress\java\viennacl-binding" /I"C:\Program Files\Java\jdk1.8.0_45\include\win32" /I"C:\Program Files\Java\jdk1.8.0_45\include" /I"C:\Program Files (x86)\AMD APP SDK\3.0-0-Beta\include" /I"C:\master_in_progress\viennacl-dev" /I"C:\master_in_progress\clogs-code\include" /ZI /nologo /W3 /WX- /Od /D _DEBUG /D _WINDOWS /D _USRDLL /D VIENNACLJAVABINDING_EXPORTS /D VIENNACL_WITH_OPENCL /D VIENNACL_WITH_OPENCL20 /D CL_USE_DEPRECATED_OPENCL_2_0_APIS /D CLOGS_DLL_DO_STATIC /D _WINDLL /D _UNICODE /D UNICODE /Gm /EHsc /RTC1 /MDd /GS /fp:precise /Zc:wchar_t /Zc:forScope /Zc:inline /Fo"x64\Debug\\" /Fd"x64\Debug\vc140.pdb" /Gd /TP /errorReport:prompt buffer.cpp fjlt_impl.cpp kernel.cpp merge_sort_util.cpp morton.cpp operations.cpp stdafx.cpp utils.cpp "viennacl-java-binding.cpp"
         viennacl-java-binding.cpp
     1>c:\master_in_progress\viennacl-dev\viennacl\ocl\context.hpp(71): warning C4996: 'getenv': This function or variable may be unsafe. Consider using _dupenv_s instead. To disable deprecation, use _CRT_SECURE_NO_WARNINGS. See online help for details.
         c:\program files (x86)\windows kits\10\include\10.0.10150.0\ucrt\stdlib.h(1183): note: see declaration of 'getenv'
     1>c:\master_in_progress\viennacl-dev\viennacl\ocl\context.hpp(72): warning C4996: 'getenv': This function or variable may be unsafe. Consider using _dupenv_s instead. To disable deprecation, use _CRT_SECURE_NO_WARNINGS. See online help for details.
         c:\program files (x86)\windows kits\10\include\10.0.10150.0\ucrt\stdlib.h(1183): note: see declaration of 'getenv'
     1>c:\master_in_progress\viennacl-java-binding\viennacl-java-binding\viennacl-java-binding.cpp(108): warning C4996: 'getenv': This function or variable may be unsafe. Consider using _dupenv_s instead. To disable deprecation, use _CRT_SECURE_NO_WARNINGS. See online help for details.
         c:\program files (x86)\windows kits\10\include\10.0.10150.0\ucrt\stdlib.h(1183): note: see declaration of 'getenv'
     1>c:\master_in_progress\viennacl-java-binding\viennacl-java-binding\viennacl-java-binding.cpp(357): warning C4267: 'initializing': conversion from 'size_t' to 'int', possible loss of data
     1>c:\master_in_progress\viennacl-java-binding\viennacl-java-binding\jni_setup.h(33): warning C4150: deletion of pointer to incomplete type '_cl_command_queue'; no destructor called
         c:\program files (x86)\amd app sdk\3.0-0-beta\include\cl\cl.h(42): note: see declaration of '_cl_command_queue'
         c:\master_in_progress\viennacl-java-binding\viennacl-java-binding\viennacl-java-binding.cpp(359): note: see reference to function template instantiation 'void jni_setup::Init<_cl_command_queue>(T *,JNIEnv *,jobject,const char *const )' being compiled
                 with
                 [
                     T=_cl_command_queue
                 ]
         utils.cpp
     1>c:\master_in_progress\viennacl-dev\viennacl\ocl\context.hpp(71): warning C4996: 'getenv': This function or variable may be unsafe. Consider using _dupenv_s instead. To disable deprecation, use _CRT_SECURE_NO_WARNINGS. See online help for details.
         c:\program files (x86)\windows kits\10\include\10.0.10150.0\ucrt\stdlib.h(1183): note: see declaration of 'getenv'
     1>c:\master_in_progress\viennacl-dev\viennacl\ocl\context.hpp(72): warning C4996: 'getenv': This function or variable may be unsafe. Consider using _dupenv_s instead. To disable deprecation, use _CRT_SECURE_NO_WARNINGS. See online help for details.
         c:\program files (x86)\windows kits\10\include\10.0.10150.0\ucrt\stdlib.h(1183): note: see declaration of 'getenv'
     1>c:\master_in_progress\viennacl-java-binding\viennacl-java-binding\jni_viennacl_context.h(38): warning C4297: 'native_buffer::~native_buffer': function assumed not to throw an exception but does
         c:\master_in_progress\viennacl-java-binding\viennacl-java-binding\jni_viennacl_context.h(38): note: destructor or deallocator has a (possibly implicit) non-throwing exception specification
         stdafx.cpp
         operations.cpp
     1>c:\master_in_progress\viennacl-dev\viennacl\ocl\context.hpp(71): warning C4996: 'getenv': This function or variable may be unsafe. Consider using _dupenv_s instead. To disable deprecation, use _CRT_SECURE_NO_WARNINGS. See online help for details.
         c:\program files (x86)\windows kits\10\include\10.0.10150.0\ucrt\stdlib.h(1183): note: see declaration of 'getenv'
     1>c:\master_in_progress\viennacl-dev\viennacl\ocl\context.hpp(72): warning C4996: 'getenv': This function or variable may be unsafe. Consider using _dupenv_s instead. To disable deprecation, use _CRT_SECURE_NO_WARNINGS. See online help for details.
         c:\program files (x86)\windows kits\10\include\10.0.10150.0\ucrt\stdlib.h(1183): note: see declaration of 'getenv'
     1>c:\master_in_progress\viennacl-java-binding\viennacl-java-binding\jni_viennacl_context.h(38): warning C4297: 'native_buffer::~native_buffer': function assumed not to throw an exception but does
         c:\master_in_progress\viennacl-java-binding\viennacl-java-binding\jni_viennacl_context.h(38): note: destructor or deallocator has a (possibly implicit) non-throwing exception specification
     1>c:\master_in_progress\viennacl-java-binding\viennacl-java-binding\operations.cpp(58): warning C4297: 'Java_org_moa_opencl_util_Operations_dense_1ax': function assumed not to throw an exception but does
         c:\master_in_progress\viennacl-java-binding\viennacl-java-binding\operations.cpp(58): note: __declspec(nothrow), throw(), noexcept(true), or noexcept was specified on the function
         morton.cpp
     1>c:\master_in_progress\viennacl-dev\viennacl\ocl\context.hpp(71): warning C4996: 'getenv': This function or variable may be unsafe. Consider using _dupenv_s instead. To disable deprecation, use _CRT_SECURE_NO_WARNINGS. See online help for details.
         c:\program files (x86)\windows kits\10\include\10.0.10150.0\ucrt\stdlib.h(1183): note: see declaration of 'getenv'
     1>c:\master_in_progress\viennacl-dev\viennacl\ocl\context.hpp(72): warning C4996: 'getenv': This function or variable may be unsafe. Consider using _dupenv_s instead. To disable deprecation, use _CRT_SECURE_NO_WARNINGS. See online help for details.
         c:\program files (x86)\windows kits\10\include\10.0.10150.0\ucrt\stdlib.h(1183): note: see declaration of 'getenv'
     1>c:\master_in_progress\viennacl-java-binding\viennacl-java-binding\jni_viennacl_context.h(38): warning C4297: 'native_buffer::~native_buffer': function assumed not to throw an exception but does
         c:\master_in_progress\viennacl-java-binding\viennacl-java-binding\jni_viennacl_context.h(38): note: destructor or deallocator has a (possibly implicit) non-throwing exception specification
     1>c:\master_in_progress\viennacl-java-binding\viennacl-java-binding\morton.cpp(50): warning C4267: '+=': conversion from 'size_t' to 'int', possible loss of data
         merge_sort_util.cpp
     1>c:\master_in_progress\viennacl-dev\viennacl\ocl\context.hpp(71): warning C4996: 'getenv': This function or variable may be unsafe. Consider using _dupenv_s instead. To disable deprecation, use _CRT_SECURE_NO_WARNINGS. See online help for details.
         c:\program files (x86)\windows kits\10\include\10.0.10150.0\ucrt\stdlib.h(1183): note: see declaration of 'getenv'
     1>c:\master_in_progress\viennacl-dev\viennacl\ocl\context.hpp(72): warning C4996: 'getenv': This function or variable may be unsafe. Consider using _dupenv_s instead. To disable deprecation, use _CRT_SECURE_NO_WARNINGS. See online help for details.
         c:\program files (x86)\windows kits\10\include\10.0.10150.0\ucrt\stdlib.h(1183): note: see declaration of 'getenv'
     1>c:\master_in_progress\viennacl-java-binding\viennacl-java-binding\jni_viennacl_context.h(38): warning C4297: 'native_buffer::~native_buffer': function assumed not to throw an exception but does
         c:\master_in_progress\viennacl-java-binding\viennacl-java-binding\jni_viennacl_context.h(38): note: destructor or deallocator has a (possibly implicit) non-throwing exception specification
     1>c:\master_in_progress\viennacl-java-binding\viennacl-java-binding\merge_sort_util.cpp(93): warning C4297: 'Java_org_moa_opencl_util_DoubleMergeSort_nativeSort': function assumed not to throw an exception but does
         c:\master_in_progress\viennacl-java-binding\viennacl-java-binding\merge_sort_util.cpp(93): note: __declspec(nothrow), throw(), noexcept(true), or noexcept was specified on the function
     1>c:\master_in_progress\viennacl-java-binding\viennacl-java-binding\merge_sort_util.cpp(160): warning C4297: 'Java_org_moa_opencl_util_IntMergeSort_nativeSort': function assumed not to throw an exception but does
         c:\master_in_progress\viennacl-java-binding\viennacl-java-binding\merge_sort_util.cpp(160): note: __declspec(nothrow), throw(), noexcept(true), or noexcept was specified on the function
     1>c:\master_in_progress\viennacl-java-binding\viennacl-java-binding\merge_sort_util.cpp(228): warning C4297: 'Java_org_moa_opencl_util_FloatMergeSort_nativeSort': function assumed not to throw an exception but does
         c:\master_in_progress\viennacl-java-binding\viennacl-java-binding\merge_sort_util.cpp(228): note: __declspec(nothrow), throw(), noexcept(true), or noexcept was specified on the function
     1>c:\master_in_progress\viennacl-java-binding\viennacl-java-binding\merge_sort.h(423): warning C4267: 'initializing': conversion from 'size_t' to 'int', possible loss of data
         c:\master_in_progress\viennacl-java-binding\viennacl-java-binding\merge_sort.h(422): note: while compiling class template member function 'viennacl::vector<unsigned int,1> bitonic_sorter<double>::bitonic_sort(viennacl::vector<double,1> &,viennacl::vector<unsigned int,1> &,size_t)'
         c:\master_in_progress\viennacl-java-binding\viennacl-java-binding\merge_sort_util.cpp(278): note: see reference to function template instantiation 'viennacl::vector<unsigned int,1> bitonic_sorter<double>::bitonic_sort(viennacl::vector<double,1> &,viennacl::vector<unsigned int,1> &,size_t)' being compiled
         c:\master_in_progress\viennacl-java-binding\viennacl-java-binding\merge_sort_util.cpp(244): note: see reference to class template instantiation 'bitonic_sorter<double>' being compiled
     1>c:\master_in_progress\viennacl-java-binding\viennacl-java-binding\merge_sort.h(434): warning C4267: 'initializing': conversion from 'size_t' to 'int', possible loss of data
     1>c:\master_in_progress\viennacl-java-binding\viennacl-java-binding\merge_sort.h(444): warning C4267: 'initializing': conversion from 'size_t' to 'int', possible loss of data
     1>c:\master_in_progress\viennacl-java-binding\viennacl-java-binding\merge_sort.h(561): warning C4267: '=': conversion from 'size_t' to 'int', possible loss of data
         c:\master_in_progress\viennacl-java-binding\viennacl-java-binding\merge_sort.h(558): note: while compiling class template member function 'void merge_sorter<float>::merge_sort(viennacl::vector<float,1> &,viennacl::vector<float,1> &,viennacl::vector<unsigned int,1> &,viennacl::vector<unsigned int,1> &,int)'
         c:\master_in_progress\viennacl-java-binding\viennacl-java-binding\merge_sort_util.cpp(215): note: see reference to function template instantiation 'void merge_sorter<float>::merge_sort(viennacl::vector<float,1> &,viennacl::vector<float,1> &,viennacl::vector<unsigned int,1> &,viennacl::vector<unsigned int,1> &,int)' being compiled
         c:\master_in_progress\viennacl-java-binding\viennacl-java-binding\merge_sort_util.cpp(178): note: see reference to class template instantiation 'merge_sorter<float>' being compiled
         kernel.cpp
     1>c:\master_in_progress\viennacl-dev\viennacl\ocl\context.hpp(71): warning C4996: 'getenv': This function or variable may be unsafe. Consider using _dupenv_s instead. To disable deprecation, use _CRT_SECURE_NO_WARNINGS. See online help for details.
         c:\program files (x86)\windows kits\10\include\10.0.10150.0\ucrt\stdlib.h(1183): note: see declaration of 'getenv'
     1>c:\master_in_progress\viennacl-dev\viennacl\ocl\context.hpp(72): warning C4996: 'getenv': This function or variable may be unsafe. Consider using _dupenv_s instead. To disable deprecation, use _CRT_SECURE_NO_WARNINGS. See online help for details.
         c:\program files (x86)\windows kits\10\include\10.0.10150.0\ucrt\stdlib.h(1183): note: see declaration of 'getenv'
     1>c:\master_in_progress\viennacl-java-binding\viennacl-java-binding\jni_viennacl_context.h(38): warning C4297: 'native_buffer::~native_buffer': function assumed not to throw an exception but does
         c:\master_in_progress\viennacl-java-binding\viennacl-java-binding\jni_viennacl_context.h(38): note: destructor or deallocator has a (possibly implicit) non-throwing exception specification
     1>c:\master_in_progress\viennacl-java-binding\viennacl-java-binding\kernel.cpp(131): warning C4297: 'Java_org_viennacl_binding_Kernel_invoke___3Ljava_lang_Object_2': function assumed not to throw an exception but does
         c:\master_in_progress\viennacl-java-binding\viennacl-java-binding\kernel.cpp(131): note: __declspec(nothrow), throw(), noexcept(true), or noexcept was specified on the function
         fjlt_impl.cpp
     1>c:\master_in_progress\viennacl-dev\viennacl\ocl\context.hpp(71): warning C4996: 'getenv': This function or variable may be unsafe. Consider using _dupenv_s instead. To disable deprecation, use _CRT_SECURE_NO_WARNINGS. See online help for details.
         c:\program files (x86)\windows kits\10\include\10.0.10150.0\ucrt\stdlib.h(1183): note: see declaration of 'getenv'
     1>c:\master_in_progress\viennacl-dev\viennacl\ocl\context.hpp(72): warning C4996: 'getenv': This function or variable may be unsafe. Consider using _dupenv_s instead. To disable deprecation, use _CRT_SECURE_NO_WARNINGS. See online help for details.
         c:\program files (x86)\windows kits\10\include\10.0.10150.0\ucrt\stdlib.h(1183): note: see declaration of 'getenv'
     1>c:\master_in_progress\viennacl-java-binding\viennacl-java-binding\jni_viennacl_context.h(38): warning C4297: 'native_buffer::~native_buffer': function assumed not to throw an exception but does
         c:\master_in_progress\viennacl-java-binding\viennacl-java-binding\jni_viennacl_context.h(38): note: destructor or deallocator has a (possibly implicit) non-throwing exception specification
     1>c:\master_in_progress\viennacl-java-binding\viennacl-java-binding\fjlt_impl.cpp(69): warning C4297: 'Java_org_moa_gpu_FJLT_native_1transform': function assumed not to throw an exception but does
         c:\master_in_progress\viennacl-java-binding\viennacl-java-binding\fjlt_impl.cpp(69): note: __declspec(nothrow), throw(), noexcept(true), or noexcept was specified on the function
     1>c:\master_in_progress\viennacl-java-binding\viennacl-java-binding\fjlt_impl.cpp(141): warning C4297: 'Java_org_moa_gpu_FJLT_native_1batch_1update': function assumed not to throw an exception but does
         c:\master_in_progress\viennacl-java-binding\viennacl-java-binding\fjlt_impl.cpp(141): note: __declspec(nothrow), throw(), noexcept(true), or noexcept was specified on the function
     1>c:\master_in_progress\viennacl-java-binding\viennacl-java-binding\fjlt_impl.cpp(145): warning C4297: 'Java_org_moa_gpu_FJLT_native_1batch_1update': function assumed not to throw an exception but does
         c:\master_in_progress\viennacl-java-binding\viennacl-java-binding\fjlt_impl.cpp(145): note: __declspec(nothrow), throw(), noexcept(true), or noexcept was specified on the function
         buffer.cpp
     1>c:\master_in_progress\viennacl-dev\viennacl\ocl\context.hpp(71): warning C4996: 'getenv': This function or variable may be unsafe. Consider using _dupenv_s instead. To disable deprecation, use _CRT_SECURE_NO_WARNINGS. See online help for details.
         c:\program files (x86)\windows kits\10\include\10.0.10150.0\ucrt\stdlib.h(1183): note: see declaration of 'getenv'
     1>c:\master_in_progress\viennacl-dev\viennacl\ocl\context.hpp(72): warning C4996: 'getenv': This function or variable may be unsafe. Consider using _dupenv_s instead. To disable deprecation, use _CRT_SECURE_NO_WARNINGS. See online help for details.
         c:\program files (x86)\windows kits\10\include\10.0.10150.0\ucrt\stdlib.h(1183): note: see declaration of 'getenv'
     1>c:\master_in_progress\viennacl-java-binding\viennacl-java-binding\jni_viennacl_context.h(38): warning C4297: 'native_buffer::~native_buffer': function assumed not to throw an exception but does
         c:\master_in_progress\viennacl-java-binding\viennacl-java-binding\jni_viennacl_context.h(38): note: destructor or deallocator has a (possibly implicit) non-throwing exception specification
     1>c:\master_in_progress\viennacl-java-binding\viennacl-java-binding\buffer.cpp(317): warning C4244: '=': conversion from 'cl_map_flags' to 'int', possible loss of data
     1>c:\master_in_progress\viennacl-java-binding\viennacl-java-binding\buffer.cpp(383): warning C4244: '=': conversion from 'cl_map_flags' to 'int', possible loss of data
         Generating Code...
         H:\VS1025\VC\bin\x86_amd64\CL.exe /c /IC:\master_in_progress\boost\boost_1_58_0 /I"C:\master_in_progress\java\viennacl-binding" /I"C:\Program Files\Java\jdk1.8.0_45\include\win32" /I"C:\Program Files\Java\jdk1.8.0_45\include" /I"C:\Program Files (x86)\AMD APP SDK\3.0-0-Beta\include" /I"C:\master_in_progress\viennacl-dev" /I"C:\master_in_progress\clogs-code\include" /ZI /nologo /W3 /WX- /Od /D _DEBUG /D _WINDOWS /D _USRDLL /D VIENNACLJAVABINDING_EXPORTS /D VIENNACL_WITH_OPENCL /D VIENNACL_WITH_OPENCL20 /D CL_USE_DEPRECATED_OPENCL_2_0_APIS /D CLOGS_DLL_DO_STATIC /D _WINDLL /D _UNICODE /D UNICODE /Gm /EHsc /RTC1 /MDd /GS /fp:precise /Zc:wchar_t /Zc:forScope /Zc:inline /Fo"x64\Debug\\" /Fd"x64\Debug\vc140.pdb" /Gd /TP /errorReport:prompt dllmain.cpp
         dllmain.cpp
       Link:
         H:\VS1025\VC\bin\x86_amd64\link.exe /ERRORREPORT:PROMPT /OUT:"C:\master_in_progress\viennacl-java-binding\x64\Debug\viennacl-java-binding.dll" /INCREMENTAL /NOLOGO /LIBPATH:C:\master_in_progress\windows_build\x64\Debug /LIBPATH:"C:\Program Files (x86)\AMD APP SDK\3.0-0-Beta\lib\x86_64" /LIBPATH:"C:\Program Files\Java\jdk1.8.0_45\lib" OpenCL.lib clogs.lib kernel32.lib user32.lib gdi32.lib winspool.lib comdlg32.lib advapi32.lib shell32.lib ole32.lib oleaut32.lib uuid.lib odbc32.lib odbccp32.lib /MANIFEST /MANIFESTUAC:"level='asInvoker' uiAccess='false'" /manifest:embed /Debug /PDB:"C:\master_in_progress\viennacl-java-binding\x64\Debug\viennacl-java-binding.pdb" /SUBSYSTEM:WINDOWS /TLBID:1 /DYNAMICBASE /NXCOMPAT /IMPLIB:"C:\master_in_progress\viennacl-java-binding\x64\Debug\viennacl-java-binding.lib" /MACHINE:X64 /DLL x64\Debug\buffer.obj
         x64\Debug\dllmain.obj
         x64\Debug\fjlt_impl.obj
         x64\Debug\kernel.obj
         x64\Debug\merge_sort_util.obj
         x64\Debug\morton.obj
         x64\Debug\operations.obj
         x64\Debug\stdafx.obj
         x64\Debug\utils.obj
         "x64\Debug\viennacl-java-binding.obj"
            Creating library C:\master_in_progress\viennacl-java-binding\x64\Debug\viennacl-java-binding.lib and object C:\master_in_progress\viennacl-java-binding\x64\Debug\viennacl-java-binding.exp
         viennacl-java-binding.vcxproj -> C:\master_in_progress\viennacl-java-binding\x64\Debug\viennacl-java-binding.dll
       PostBuildEvent:
         copy C:\master_in_progress\viennacl-java-binding\x64\Debug\viennacl-java-binding.dll C:\master_in_progress\java\viennacl-binding\ 
         :VCEnd
                 1 file(s) copied.
     1>Done Building Project "C:\master_in_progress\viennacl-java-binding\viennacl-java-binding\viennacl-java-binding.vcxproj" (Rebuild target(s)).

Build succeeded.

Time Elapsed 00:00:38.48
